0 info it worked if it ends with ok
1 verbose cli [ '/home/ubuntu/.nvm/v0.10.35/bin/node',
1 verbose cli   '/home/ubuntu/.nvm/v0.10.35/bin/npm',
1 verbose cli   'install',
1 verbose cli   'server-side-leaflet' ]
2 info using npm@1.4.28
3 info using node@v0.10.35
4 warn package.json instagram-node-lib@0.1.1 Invalid filename in 'files' list:
5 verbose readDependencies using package.json deps
6 verbose cache add [ 'server-side-leaflet', null ]
7 verbose cache add name=undefined spec="server-side-leaflet" args=["server-side-leaflet",null]
8 verbose parsed url { protocol: null,
8 verbose parsed url   slashes: null,
8 verbose parsed url   auth: null,
8 verbose parsed url   host: null,
8 verbose parsed url   port: null,
8 verbose parsed url   hostname: null,
8 verbose parsed url   hash: null,
8 verbose parsed url   search: null,
8 verbose parsed url   query: null,
8 verbose parsed url   pathname: 'server-side-leaflet',
8 verbose parsed url   path: 'server-side-leaflet',
8 verbose parsed url   href: 'server-side-leaflet' }
9 silly lockFile 00226d58-server-side-leaflet server-side-leaflet
10 verbose lock server-side-leaflet /home/ubuntu/.npm/00226d58-server-side-leaflet.lock
11 silly lockFile 00226d58-server-side-leaflet server-side-leaflet
12 silly lockFile 00226d58-server-side-leaflet server-side-leaflet
13 verbose addNamed [ 'server-side-leaflet', '' ]
14 verbose addNamed [ null, '*' ]
15 silly lockFile 287eabaf-server-side-leaflet server-side-leaflet@
16 verbose lock server-side-leaflet@ /home/ubuntu/.npm/287eabaf-server-side-leaflet.lock
17 silly addNameRange { name: 'server-side-leaflet', range: '*', hasData: false }
18 verbose request where is /server-side-leaflet
19 verbose request registry https://registry.npmjs.org/
20 verbose request id 145173b2127fc9f7
21 verbose url raw /server-side-leaflet
22 verbose url resolving [ 'https://registry.npmjs.org/', './server-side-leaflet' ]
23 verbose url resolved https://registry.npmjs.org/server-side-leaflet
24 verbose request where is https://registry.npmjs.org/server-side-leaflet
25 info trying registry request attempt 1 at 08:00:29
26 http GET https://registry.npmjs.org/server-side-leaflet
27 http 404 https://registry.npmjs.org/server-side-leaflet
28 verbose headers { server: 'CouchDB/1.5.0 (Erlang OTP/R16B03)',
28 verbose headers   'content-type': 'application/json',
28 verbose headers   'cache-control': 'max-age=0',
28 verbose headers   'content-length': '51',
28 verbose headers   'accept-ranges': 'bytes',
28 verbose headers   date: 'Sat, 25 Jul 2015 08:00:30 GMT',
28 verbose headers   via: '1.1 varnish',
28 verbose headers   age: '0',
28 verbose headers   connection: 'keep-alive',
28 verbose headers   'x-served-by': 'cache-hkg6822-HKG',
28 verbose headers   'x-cache': 'MISS',
28 verbose headers   'x-cache-hits': '0',
28 verbose headers   'x-timer': 'S1437811229.704033,VS0,VE703' }
29 silly registry.get cb [ 404,
29 silly registry.get   { server: 'CouchDB/1.5.0 (Erlang OTP/R16B03)',
29 silly registry.get     'content-type': 'application/json',
29 silly registry.get     'cache-control': 'max-age=0',
29 silly registry.get     'content-length': '51',
29 silly registry.get     'accept-ranges': 'bytes',
29 silly registry.get     date: 'Sat, 25 Jul 2015 08:00:30 GMT',
29 silly registry.get     via: '1.1 varnish',
29 silly registry.get     age: '0',
29 silly registry.get     connection: 'keep-alive',
29 silly registry.get     'x-served-by': 'cache-hkg6822-HKG',
29 silly registry.get     'x-cache': 'MISS',
29 silly registry.get     'x-cache-hits': '0',
29 silly registry.get     'x-timer': 'S1437811229.704033,VS0,VE703' } ]
30 silly lockFile 287eabaf-server-side-leaflet server-side-leaflet@
31 silly lockFile 287eabaf-server-side-leaflet server-side-leaflet@
32 error 404 404 Not Found: server-side-leaflet
32 error 404
32 error 404 'server-side-leaflet' is not in the npm registry.
32 error 404 You should bug the author to publish it
32 error 404 It was specified as a dependency of 'node-express-mongoose'
32 error 404
32 error 404 Note that you can also install from a
32 error 404 tarball, folder, or http url, or git url.
33 error System Linux 3.14.13-c9
34 error command "/home/ubuntu/.nvm/v0.10.35/bin/node" "/home/ubuntu/.nvm/v0.10.35/bin/npm" "install" "server-side-leaflet"
35 error cwd /home/ubuntu/workspace
36 error node -v v0.10.35
37 error npm -v 1.4.28
38 error code E404
39 verbose exit [ 1, true ]
